<?xml version="1.0" encoding="UTF-8"?>
<testsuites name="jest tests" tests="43" failures="0" errors="0" time="7.007">
  <testsuite name="POST /feed" errors="0" failures="0" skipped="0" timestamp="2025-11-18T11:42:34" time="2.113" tests="8">
    <testcase classname="POST /feed should create a new post" name="POST /feed should create a new post" time="0.019">
    </testcase>
    <testcase classname="POST /feed should reject if no token is provided" name="POST /feed should reject if no token is provided" time="0.009">
    </testcase>
    <testcase classname="GET /feed should return posts sorted by newest first" name="GET /feed should return posts sorted by newest first" time="0.03">
    </testcase>
    <testcase classname="POST /feed/:id/like should like a post" name="POST /feed/:id/like should like a post" time="0.022">
    </testcase>
    <testcase classname="POST /feed/:id/like should unlike a post if already liked" name="POST /feed/:id/like should unlike a post if already liked" time="0.018">
    </testcase>
    <testcase classname="POST /feed/:id/like should return 404 if post does not exist" name="POST /feed/:id/like should return 404 if post does not exist" time="0.013">
    </testcase>
    <testcase classname="POST /feed/share-trip should create an auto-generated trip post" name="POST /feed/share-trip should create an auto-generated trip post" time="0.014">
    </testcase>
    <testcase classname="POST /feed/share-trip should return 500 on invalid input" name="POST /feed/share-trip should return 500 on invalid input" time="0.01">
    </testcase>
  </testsuite>
  <testsuite name=" Auth API Tests" errors="0" failures="0" skipped="0" timestamp="2025-11-18T11:42:36" time="1.126" tests="3">
    <testcase classname=" Auth API Tests Register a new user" name=" Auth API Tests Register a new user" time="0.117">
    </testcase>
    <testcase classname=" Auth API Tests Login returns JWT token" name=" Auth API Tests Login returns JWT token" time="0.144">
    </testcase>
    <testcase classname=" Auth API Tests Reject login with wrong password" name=" Auth API Tests Reject login with wrong password" time="0.139">
    </testcase>
  </testsuite>
  <testsuite name=" Friends API Tests" errors="0" failures="0" skipped="0" timestamp="2025-11-18T11:42:37" time="1.033" tests="2">
    <testcase classname=" Friends API Tests User A sends friend request to B" name=" Friends API Tests User A sends friend request to B" time="0.023">
    </testcase>
    <testcase classname=" Friends API Tests Cannot send friend request to yourself" name=" Friends API Tests Cannot send friend request to yourself" time="0.017">
    </testcase>
  </testsuite>
  <testsuite name=" Emissions API Tests" errors="0" failures="0" skipped="0" timestamp="2025-11-18T11:42:38" time="1.012" tests="8">
    <testcase classname=" Emissions API Tests Car emissions - mocked API call" name=" Emissions API Tests Car emissions - mocked API call" time="0.015">
    </testcase>
    <testcase classname=" Emissions API Tests Bus emissions calculation" name=" Emissions API Tests Bus emissions calculation" time="0.012">
    </testcase>
    <testcase classname=" Emissions API Tests Metro emissions calculation" name=" Emissions API Tests Metro emissions calculation" time="0.013">
    </testcase>
    <testcase classname=" Emissions API Tests Tram emissions calculation" name=" Emissions API Tests Tram emissions calculation" time="0.014">
    </testcase>
    <testcase classname=" Emissions API Tests Flight emissions - mocked" name=" Emissions API Tests Flight emissions - mocked" time="0.014">
    </testcase>
    <testcase classname=" Emissions API Tests Log a new emission for authenticated user" name=" Emissions API Tests Log a new emission for authenticated user" time="0.02">
    </testcase>
    <testcase classname=" Emissions API Tests Fetch emissions history" name=" Emissions API Tests Fetch emissions history" time="0.019">
    </testcase>
    <testcase classname=" Emissions API Tests Fetch leaderboard" name=" Emissions API Tests Fetch leaderboard" time="0.023">
    </testcase>
  </testsuite>
  <testsuite name="Trip API Tests" errors="0" failures="0" skipped="0" timestamp="2025-11-18T11:42:39" time="0.981" tests="6">
    <testcase classname="Trip API Tests Start a trip" name="Trip API Tests Start a trip" time="0.015">
    </testcase>
    <testcase classname="Trip API Tests Get trip by ID" name="Trip API Tests Get trip by ID" time="0.011">
    </testcase>
    <testcase classname="Trip API Tests Get all trips for user" name="Trip API Tests Get all trips for user" time="0.009">
    </testcase>
    <testcase classname="Trip API Tests Start trip should fail without transportMode" name="Trip API Tests Start trip should fail without transportMode" time="0.008">
    </testcase>
    <testcase classname="Trip API Tests End trip should fail with wrong tripId" name="Trip API Tests End trip should fail with wrong tripId" time="0.01">
    </testcase>
    <testcase classname="Trip API Tests Get trip by ID should fail with invalid id" name="Trip API Tests Get trip by ID should fail with invalid id" time="0.05">
    </testcase>
  </testsuite>
  <testsuite name="PTV API Tests (Mocked fetch)" errors="0" failures="0" skipped="0" timestamp="2025-11-18T11:42:40" time="0.257" tests="5">
    <testcase classname="PTV API Tests (Mocked fetch) Departures endpoint returns mocked data" name="PTV API Tests (Mocked fetch) Departures endpoint returns mocked data" time="0.013">
    </testcase>
    <testcase classname="PTV API Tests (Mocked fetch) Stop search returns mocked stops" name="PTV API Tests (Mocked fetch) Stop search returns mocked stops" time="0.009">
    </testcase>
    <testcase classname="PTV API Tests (Mocked fetch) Route info returns mocked route" name="PTV API Tests (Mocked fetch) Route info returns mocked route" time="0.008">
    </testcase>
    <testcase classname="PTV API Tests (Mocked fetch) Stops by stopId + routeType returns mocked list" name="PTV API Tests (Mocked fetch) Stops by stopId + routeType returns mocked list" time="0.011">
    </testcase>
    <testcase classname="PTV API Tests (Mocked fetch) Handles PTV API failure gracefully" name="PTV API Tests (Mocked fetch) Handles PTV API failure gracefully" time="0.009">
    </testcase>
  </testsuite>
  <testsuite name="Green Routes API Tests" errors="0" failures="0" skipped="0" timestamp="2025-11-18T11:42:40" time="0.157" tests="7">
    <testcase classname="Green Routes API Tests Missing start/destination returns 400" name="Green Routes API Tests Missing start/destination returns 400" time="0.018">
    </testcase>
    <testcase classname="Green Routes API Tests Invalid transport mode throws error" name="Green Routes API Tests Invalid transport mode throws error" time="0.009">
    </testcase>
    <testcase classname="Green Routes API Tests No modes enabled returns 400" name="Green Routes API Tests No modes enabled returns 400" time="0.01">
    </testcase>
    <testcase classname="Green Routes API Tests Graph stats returns stats object" name="Green Routes API Tests Graph stats returns stats object" time="0.007">
    </testcase>
    <testcase classname="Green Routes API Tests Python bridge test returns success" name="Green Routes API Tests Python bridge test returns success" time="0.006">
    </testcase>
    <testcase classname="Green Routes API Tests Missing fields in post-trip-analysis returns 400" name="Green Routes API Tests Missing fields in post-trip-analysis returns 400" time="0.008">
    </testcase>
    <testcase classname="Green Routes API Tests Successful post-trip analysis returns comparison" name="Green Routes API Tests Successful post-trip analysis returns comparison" time="0.01">
    </testcase>
  </testsuite>
  <testsuite name=" AI API Tests" errors="0" failures="0" skipped="0" timestamp="2025-11-18T11:42:41" time="0.125" tests="4">
    <testcase classname=" AI API Tests  GET /api/ai/health returns AI service status" name=" AI API Tests  GET /api/ai/health returns AI service status" time="0.011">
    </testcase>
    <testcase classname=" AI API Tests  POST /api/ai/predict returns predicted transport mode" name=" AI API Tests  POST /api/ai/predict returns predicted transport mode" time="0.01">
    </testcase>
    <testcase classname=" AI API Tests  POST /api/ai/predict missing sensor data returns 400" name=" AI API Tests  POST /api/ai/predict missing sensor data returns 400" time="0.008">
    </testcase>
    <testcase classname=" AI API Tests  AI prediction error returns 500" name=" AI API Tests  AI prediction error returns 500" time="0.007">
    </testcase>
  </testsuite>
</testsuites>